<?xml version="1.0" encoding="UTF-8"?>
<!-- Generated by org.testng.reporters.JUnitReportReporter -->
<testsuite skipped="0" hostname="DESKTOP-N60QB27" name="testcases.TestCase" tests="5" failures="0" timestamp="2022-10-03T23:26:19 IST" time="48.646" errors="0">
  <testcase name="testCase2" time="9.847" classname="testcases.TestCase"/>
  <system-out/>
  <testcase name="testCase1" time="9.230" classname="testcases.TestCase"/>
  <system-out/>
  <testcase name="testCase3" time="10.952" classname="testcases.TestCase"/>
  <system-out/>
  <testcase name="testCase5" time="9.368" classname="testcases.TestCase"/>
  <system-out/>
  <testcase name="testCase4" time="9.249" classname="testcases.TestCase"/>
  <system-out/>
</testsuite> <!-- testcases.TestCase -->
